<?xml version="1.0" encoding="UTF-8"?>
<!-- Generated by org.testng.reporters.JUnitXMLReporter -->
<testsuite ignored="0" hostname="Mayanks-MacBook-Air.local" failures="1" tests="1" name=" Automation of Github " time="9.589" errors="0" timestamp="10 Jul 2020 23:58:20 GMT">
  <testcase classname="testcases.repoTestcases" name="repositoryTestcases" time="9.513">
    <failure type="java.lang.NullPointerException">
      <![CDATA[java.lang.NullPointerExceptionat org.openqa.selenium.support.pagefactory.internal.LocatingElementHandler.invoke(LocatingElementHandler.java:51)at com.sun.proxy.$Proxy13.isDisplayed(Unknown Source)at org.openqa.selenium.support.ui.ExpectedConditions.elementIfVisible(ExpectedConditions.java:301)at org.openqa.selenium.support.ui.ExpectedConditions.access$100(ExpectedConditions.java:43)at org.openqa.selenium.support.ui.ExpectedConditions$10.apply(ExpectedConditions.java:287)at org.openqa.selenium.support.ui.ExpectedConditions$10.apply(ExpectedConditions.java:284)at org.openqa.selenium.support.ui.FluentWait.until(FluentWait.java:208)at pages.createRepo.newRepoCreation(createRepo.java:70)at testcases.repoTestcases.repositoryTestcases(repoTestcases.java:27)... Removed 26 stack frames]]>
    </failure>
  </testcase> <!-- repositoryTestcases -->
</testsuite> <!--  Automation of Github  -->
